#
# A fatal error has been detected by the Java Runtime Environment:
#
#  Internal Error (javaCalls.cpp:51), pid=19004, tid=0x0000000000005dd4
#  guarantee(thread->is_Java_thread()) failed: crucial check - the VM thread cannot and must not escape to Java code
#
# JRE version: Java(TM) SE Runtime Environment (8.0_181-b13) (build 1.8.0_181-b13)
# Java VM: Java HotSpot(TM) 64-Bit Server VM (25.181-b13 mixed mode windows-amd64 compressed oops)
# Failed to write core dump. Minidumps are not enabled by default on client versions of Windows
#
# If you would like to submit a bug report, please visit:
#   http://bugreport.java.com/bugreport/crash.jsp
#

---------------  T H R E A D  ---------------

Current thread (0x000000001c369800):  VMThread [stack: 0x000000001e040000,0x000000001e140000] [id=24020]

Stack: [0x000000001e040000,0x000000001e140000]
[error occurred during error reporting (printing stack bounds), id 0xc0000005]

Native frames: (J=compiled Java code, j=interpreted, Vv=VM code, C=native code)

VM_Operation (0x000000001eb4f330): GetOrSetLocal, mode: safepoint, requested by thread 0x000000001e281000


---------------  P R O C E S S  ---------------

Java Threads: ( => current thread )
  0x000000001e5c8800 JavaThread "Service Thread" daemon [_thread_blocked, id=16308, stack(0x000000001f150000,0x000000001f250000)]
  0x000000001e562000 JavaThread "C1 CompilerThread3" daemon [_thread_blocked, id=21228, stack(0x000000001f050000,0x000000001f150000)]
  0x000000001e528800 JavaThread "C2 CompilerThread2" daemon [_thread_blocked, id=17092, stack(0x000000001ef50000,0x000000001f050000)]
  0x000000001e4fb000 JavaThread "C2 CompilerThread1" daemon [_thread_blocked, id=23988, stack(0x000000001ee50000,0x000000001ef50000)]
  0x000000001e4f6000 JavaThread "C2 CompilerThread0" daemon [_thread_blocked, id=19176, stack(0x000000001ed50000,0x000000001ee50000)]
  0x000000001e28e000 JavaThread "JDWP Command Reader" daemon [_thread_in_native, id=10584, stack(0x000000001ec50000,0x000000001ed50000)]
  0x000000001e28c800 JavaThread "JDWP Event Helper Thread" daemon [_thread_blocked, id=16216, stack(0x000000001eb50000,0x000000001ec50000)]
  0x000000001e281000 JavaThread "JDWP Transport Listener: dt_socket" daemon [_thread_blocked, id=14500, stack(0x000000001ea50000,0x000000001eb50000)]
  0x000000001c379000 JavaThread "Attach Listener" daemon [_thread_blocked, id=18740, stack(0x000000001e950000,0x000000001ea50000)]
  0x000000001e27d800 JavaThread "Signal Dispatcher" daemon [_thread_blocked, id=17972, stack(0x000000001e850000,0x000000001e950000)]
  0x000000001e260800 JavaThread "Finalizer" daemon [_thread_blocked, id=17424, stack(0x000000001e640000,0x000000001e740000)]
  0x000000000290e000 JavaThread "Reference Handler" daemon [_thread_blocked, id=21312, stack(0x000000001e140000,0x000000001e240000)]
  0x0000000002815800 JavaThread "main" [_thread_blocked, id=16012, stack(0x0000000002610000,0x0000000002710000)]

Other Threads:
=>0x000000001c369800 VMThread [stack: 0x000000001e040000,0x000000001e140000] [id=24020]
  0x000000001e63e000 WatcherThread [stack: 0x000000001fa50000,0x000000001fb50000] [id=15984]

VM state:at safepoint (normal execution)

VM Mutex/Monitor currently owned by a thread:  ([mutex/lock_event])
[0x0000000002812250] Threads_lock - owner thread: 0x000000001c369800

Heap:
 PSYoungGen      total 76288K, used 28852K [0x000000076b180000, 0x0000000770680000, 0x00000007c0000000)
  eden space 65536K, 44% used [0x000000076b180000,0x000000076cdad1f0,0x000000076f180000)
  from space 10752K, 0% used [0x000000076fc00000,0x000000076fc00000,0x0000000770680000)
  to   space 10752K, 0% used [0x000000076f180000,0x000000076f180000,0x000000076fc00000)
 ParOldGen       total 175104K, used 0K [0x00000006c1400000, 0x00000006cbf00000, 0x000000076b180000)
  object space 175104K, 0% used [0x00000006c1400000,0x00000006c1400000,0x00000006cbf00000)
 Metaspace       used 6786K, capacity 6828K, committed 7040K, reserved 1056768K
  class space    used 807K, capacity 821K, committed 896K, reserved 1048576K

Card table byte_map: [0x0000000011cd0000,0x00000000124d0000] byte_map_base: 0x000000000e6c6000

Marking Bits: (ParMarkBitMap*) 0x000000006d1e2d00
 Begin Bits: [0x0000000013220000, 0x00000000171d0000)
 End Bits:   [0x00000000171d0000, 0x000000001b180000)

Polling page: 0x0000000000860000

CodeCache: size=245760Kb used=2789Kb max_used=2796Kb free=242970Kb
 bounds [0x0000000002910000, 0x0000000002bd0000, 0x0000000011910000]
 total_blobs=863 nmethods=589 adapters=195
 compilation: enabled

Compilation events (10 events):
Event: 0.863 Thread 0x000000001e4fb000  584       4       java.io.WinNTFileSystem::normalize (143 bytes)
Event: 0.871 Thread 0x000000001e4fb000 nmethod 584 0x0000000002bcc2d0 code [0x0000000002bcc440, 0x0000000002bcc8f8]
Event: 0.877 Thread 0x000000001e562000  585       3       java.lang.Byte::<init> (10 bytes)
Event: 0.878 Thread 0x000000001e562000 nmethod 585 0x0000000002bcbe90 code [0x0000000002bcc000, 0x0000000002bcc210]
Event: 0.878 Thread 0x000000001e562000  586       3       java.lang.Short::<init> (10 bytes)
Event: 0.878 Thread 0x000000001e562000 nmethod 586 0x0000000002bcba50 code [0x0000000002bcbbc0, 0x0000000002bcbdd0]
Event: 1.009 Thread 0x000000001e562000  588       1       java.lang.reflect.Field::getName (5 bytes)
Event: 1.009 Thread 0x000000001e562000 nmethod 588 0x0000000002bcb410 code [0x0000000002bcb560, 0x0000000002bcb670]
Event: 38.149 Thread 0x000000001e562000  589       3       java.lang.Class::checkInitted (19 bytes)
Event: 38.149 Thread 0x000000001e562000 nmethod 589 0x0000000002bcaed0 code [0x0000000002bcb040, 0x0000000002bcb308]

GC Heap History (0 events):
No events

Deoptimization events (2 events):
Event: 0.487 Thread 0x0000000002815800 Uncommon trap: reason=unstable_if action=reinterpret pc=0x0000000002aace84 method=java.util.HashMap.getNode(ILjava/lang/Object;)Ljava/util/HashMap$Node; @ 129
Event: 0.589 Thread 0x0000000002815800 Uncommon trap: reason=null_check action=make_not_entrant pc=0x0000000002af3fe4 method=java.lang.String.equals(Ljava/lang/Object;)Z @ 8

Classes redefined (2 events):
Event: 38.042 Thread 0x000000001c369800 redefined class name=jakub.kask.lab.business.boundary.EmployeeServiceTest, count=1
Event: 198.762 Thread 0x000000001c369800 redefined class name=jakub.kask.lab.business.boundary.EmployeeServiceTest, count=2

Internal exceptions (8 events):
Event: 0.047 Thread 0x0000000002815800 Exception <a 'java/lang/NoSuchMethodError': Method sun.misc.Unsafe.defineClass(Ljava/lang/String;[BII)Ljava/lang/Class; name or signature does not match> (0x000000076b187cb0) thrown at [C:\re\workspace\8-2-build-windows-amd64-cygwin\jdk8u181\11358\hotspot
Event: 0.047 Thread 0x0000000002815800 Exception <a 'java/lang/NoSuchMethodError': Method sun.misc.Unsafe.prefetchRead(Ljava/lang/Object;J)V name or signature does not match> (0x000000076b187f98) thrown at [C:\re\workspace\8-2-build-windows-amd64-cygwin\jdk8u181\11358\hotspot\src\share\vm\prim
Event: 0.312 Thread 0x0000000002815800 Exception <a 'java/io/FileNotFoundException'> (0x000000076b68df08) thrown at [C:\re\workspace\8-2-build-windows-amd64-cygwin\jdk8u181\11358\hotspot\src\share\vm\prims\jni.cpp, line 709]
Event: 0.328 Thread 0x0000000002815800 Exception <a 'java/security/PrivilegedActionException'> (0x000000076b8270f8) thrown at [C:\re\workspace\8-2-build-windows-amd64-cygwin\jdk8u181\11358\hotspot\src\share\vm\prims\jvm.cpp, line 1435]
Event: 0.328 Thread 0x0000000002815800 Exception <a 'java/security/PrivilegedActionException'> (0x000000076b827308) thrown at [C:\re\workspace\8-2-build-windows-amd64-cygwin\jdk8u181\11358\hotspot\src\share\vm\prims\jvm.cpp, line 1435]
Event: 0.329 Thread 0x0000000002815800 Exception <a 'java/security/PrivilegedActionException'> (0x000000076b82b218) thrown at [C:\re\workspace\8-2-build-windows-amd64-cygwin\jdk8u181\11358\hotspot\src\share\vm\prims\jvm.cpp, line 1435]
Event: 0.330 Thread 0x0000000002815800 Exception <a 'java/security/PrivilegedActionException'> (0x000000076b82b428) thrown at [C:\re\workspace\8-2-build-windows-amd64-cygwin\jdk8u181\11358\hotspot\src\share\vm\prims\jvm.cpp, line 1435]
Event: 0.589 Thread 0x0000000002815800 Implicit null exception at 0x0000000002af3d58 to 0x0000000002af3fd5

Events (10 events):
Event: 198.834 Executing VM operation: GetOrSetLocal done
Event: 198.835 Executing VM operation: GetOrSetLocal
Event: 198.835 Executing VM operation: GetOrSetLocal done
Event: 198.850 Executing VM operation: GetOrSetLocal
Event: 198.850 Executing VM operation: GetOrSetLocal done
Event: 198.852 Executing VM operation: GetOrSetLocal
Event: 198.852 Executing VM operation: GetOrSetLocal done
Event: 198.855 Executing VM operation: GetOrSetLocal
Event: 198.855 Executing VM operation: GetOrSetLocal done
Event: 198.860 Executing VM operation: GetOrSetLocal


Dynamic libraries:
0x00007ff6962c0000 - 0x00007ff6962f7000 	C:\Program Files\Java\jdk1.8.0_181\bin\java.exe
0x00007ffe0eb30000 - 0x00007ffe0ed11000 	C:\WINDOWS\SYSTEM32\ntdll.dll
0x00007ffe0dc10000 - 0x00007ffe0dcc2000 	C:\WINDOWS\System32\KERNEL32.DLL
0x00007ffe0af50000 - 0x00007ffe0b1c3000 	C:\WINDOWS\System32\KERNELBASE.dll
0x00007ffe0de30000 - 0x00007ffe0ded1000 	C:\WINDOWS\System32\ADVAPI32.dll
0x00007ffe0bfc0000 - 0x00007ffe0c05e000 	C:\WINDOWS\System32\msvcrt.dll
0x00007ffe0c060000 - 0x00007ffe0c0bb000 	C:\WINDOWS\System32\sechost.dll
0x00007ffe0e0c0000 - 0x00007ffe0e1e4000 	C:\WINDOWS\System32\RPCRT4.dll
0x00007ffe0c280000 - 0x00007ffe0c410000 	C:\WINDOWS\System32\USER32.dll
0x00007ffe0bd30000 - 0x00007ffe0bd50000 	C:\WINDOWS\System32\win32u.dll
0x00007ffe0c410000 - 0x00007ffe0c438000 	C:\WINDOWS\System32\GDI32.dll
0x00007ffe0bb90000 - 0x00007ffe0bd22000 	C:\WINDOWS\System32\gdi32full.dll
0x00007ffe0b1d0000 - 0x00007ffe0b26f000 	C:\WINDOWS\System32\msvcp_win.dll
0x00007ffe0b9e0000 - 0x00007ffe0bada000 	C:\WINDOWS\System32\ucrtbase.dll
0x00007ffdfd8b0000 - 0x00007ffdfdb19000 	C:\WINDOWS\WinSxS\amd64_microsoft.windows.common-controls_6595b64144ccf1df_6.0.17134.407_none_fb449d63306391e9\COMCTL32.dll
0x00007ffe0d880000 - 0x00007ffe0dba2000 	C:\WINDOWS\System32\combase.dll
0x00007ffe0bf40000 - 0x00007ffe0bfba000 	C:\WINDOWS\System32\bcryptPrimitives.dll
0x00007ffe0c1a0000 - 0x00007ffe0c1cd000 	C:\WINDOWS\System32\IMM32.DLL
0x000000006df20000 - 0x000000006dff2000 	C:\Program Files\Java\jdk1.8.0_181\jre\bin\msvcr100.dll
0x000000006c9c0000 - 0x000000006d262000 	C:\Program Files\Java\jdk1.8.0_181\jre\bin\server\jvm.dll
0x00007ffe0c270000 - 0x00007ffe0c278000 	C:\WINDOWS\System32\PSAPI.DLL
0x00007ffe070c0000 - 0x00007ffe070c9000 	C:\WINDOWS\SYSTEM32\WSOCK32.dll
0x00007ffe08a90000 - 0x00007ffe08ab3000 	C:\WINDOWS\SYSTEM32\WINMM.dll
0x00007ffe07450000 - 0x00007ffe0745a000 	C:\WINDOWS\SYSTEM32\VERSION.dll
0x00007ffe0ddc0000 - 0x00007ffe0de2c000 	C:\WINDOWS\System32\WS2_32.dll
0x00007ffe08a60000 - 0x00007ffe08a8a000 	C:\WINDOWS\SYSTEM32\WINMMBASE.dll
0x00007ffe0af00000 - 0x00007ffe0af49000 	C:\WINDOWS\System32\cfgmgr32.dll
0x000000006df10000 - 0x000000006df1f000 	C:\Program Files\Java\jdk1.8.0_181\jre\bin\verify.dll
0x000000006dee0000 - 0x000000006df09000 	C:\Program Files\Java\jdk1.8.0_181\jre\bin\java.dll
0x000000006dd10000 - 0x000000006dd45000 	C:\Program Files\Java\jdk1.8.0_181\jre\bin\jdwp.dll
0x000000006dd00000 - 0x000000006dd08000 	C:\Program Files\Java\jdk1.8.0_181\jre\bin\npt.dll
0x000000006c990000 - 0x000000006c9b3000 	C:\Program Files\Java\jdk1.8.0_181\jre\bin\instrument.dll
0x000000006dec0000 - 0x000000006ded6000 	C:\Program Files\Java\jdk1.8.0_181\jre\bin\zip.dll
0x00007ffe0c440000 - 0x00007ffe0d87f000 	C:\WINDOWS\System32\SHELL32.dll
0x00007ffe0e8f0000 - 0x00007ffe0e999000 	C:\WINDOWS\System32\shcore.dll
0x00007ffe0b2d0000 - 0x00007ffe0b9dd000 	C:\WINDOWS\System32\windows.storage.dll
0x00007ffe0e060000 - 0x00007ffe0e0b1000 	C:\WINDOWS\System32\shlwapi.dll
0x00007ffe0ae70000 - 0x00007ffe0ae81000 	C:\WINDOWS\System32\kernel.appcore.dll
0x00007ffe0aee0000 - 0x00007ffe0aeff000 	C:\WINDOWS\System32\profapi.dll
0x00007ffe0ae90000 - 0x00007ffe0aedc000 	C:\WINDOWS\System32\powrprof.dll
0x00007ffe0ae60000 - 0x00007ffe0ae6a000 	C:\WINDOWS\System32\FLTLIB.DLL
0x000000006dcf0000 - 0x000000006dcf9000 	C:\Program Files\Java\jdk1.8.0_181\jre\bin\dt_socket.dll
0x00007ffe0a6c0000 - 0x00007ffe0a726000 	C:\WINDOWS\system32\mswsock.dll

VM Arguments:
jvm_args: -agentlib:jdwp=transport=dt_socket,address=127.0.0.1:54041,suspend=y,server=n -ea -Didea.test.cyclic.buffer.size=1048576 -javaagent:C:\Users\user\.IntelliJIdea2018.2\system\captureAgent\debugger-agent.jar=file:/C:/Users/user/AppData/Local/Temp/capture.props -Dfile.encoding=UTF-8 
java_command: com.intellij.rt.execution.junit.JUnitStarter -ideVersion5 -junit4 jakub.kask.lab.business.boundary.EmployeeServiceTest,removeEmployeeIfExist
java_class_path (initial): C:\Program Files\JetBrains\IntelliJ IDEA 2018.2.4\lib\idea_rt.jar;C:\Program Files\JetBrains\IntelliJ IDEA 2018.2.4\plugins\junit\lib\junit-rt.jar;C:\Program Files\JetBrains\IntelliJ IDEA 2018.2.4\plugins\junit\lib\junit5-rt.jar;C:\Program Files\Java\jdk1.8.0_181\jre\lib\charsets.jar;C:\Program Files\Java\jdk1.8.0_181\jre\lib\deploy.jar;C:\Program Files\Java\jdk1.8.0_181\jre\lib\ext\access-bridge-64.jar;C:\Program Files\Java\jdk1.8.0_181\jre\lib\ext\cldrdata.jar;C:\Program Files\Java\jdk1.8.0_181\jre\lib\ext\dnsns.jar;C:\Program Files\Java\jdk1.8.0_181\jre\lib\ext\jaccess.jar;C:\Program Files\Java\jdk1.8.0_181\jre\lib\ext\jfxrt.jar;C:\Program Files\Java\jdk1.8.0_181\jre\lib\ext\localedata.jar;C:\Program Files\Java\jdk1.8.0_181\jre\lib\ext\nashorn.jar;C:\Program Files\Java\jdk1.8.0_181\jre\lib\ext\sunec.jar;C:\Program Files\Java\jdk1.8.0_181\jre\lib\ext\sunjce_provider.jar;C:\Program Files\Java\jdk1.8.0_181\jre\lib\ext\sunmscapi.jar;C:\Program Files\Java\jdk1.8.0_181\jre\lib\ext\sunpkcs11.jar;C:\Program Files\Java\jdk1.8.0_181\jre\lib\ext\zipfs.jar;C:\Program Files\Java\jdk1.8.0_181\jre\lib\javaws.jar;C:\Program Files\Java\jdk1.8.0_181\jre\lib\jce.jar;C:\Program Files\Java\jdk1.8.0_181\jre\lib\jfr.jar;C:\Program Files\Java\jdk1.8.0_181\jre\lib\jfxswt.jar;C:\Program Files\Java\jdk1.8.0_181\jre\lib\jsse.jar;C:\Program Files\Java\jdk1.8.0_181\jre\lib\management-agent.jar;C:\Program Files\Java\jdk1.8.0_181\jre\lib\plugin.jar;C:\Program Files\Java\jdk1.8.0_181\jre\lib\resources.jar;C:\Program Files\Java\jdk1.8.0_181\jre\lib\rt.jar;C:\Users\user\Desktop\JEE\lab7\target\classes;C:\Users\user\.m2\repository\org\jboss\arquillian\junit\arquillian-junit-container\1.4.1.Final\arquillian-junit-container-1.4.1.Final.jar;C:\Users\user\.m2\repository\org\jboss\arquillian\junit\arquillian-junit-core\1.4.1.Final\arquillian-junit-core-1.4.1.Final.jar;C:\Users\user\.m2\repository\org\jboss\arquillian\test\arquillian-test-api\1.4.1.Final\arquillian-test-api-1
Launcher Type: SUN_STANDARD

Environment Variables:
PATH=C:\Program Files (x86)\Common Files\Oracle\Java\javapath;C:\ProgramData\Oracle\Java\javapath;C:\Windows\system32;C:\Windows;C:\Windows\System32\Wbem;C:\Windows\System32\WindowsPowerShell\v1.0\;C:\WINDOWS\system32;C:\WINDOWS;C:\WINDOWS\System32\Wbem;C:\WINDOWS\System32\WindowsPowerShell\v1.0\;C:\Program Files\Microsoft SQL Server\Client SDK\ODBC\110\Tools\Binn\;C:\Program Files (x86)\Microsoft SQL Server\120\Tools\Binn\;C:\Program Files\Microsoft SQL Server\120\Tools\Binn\;C:\Program Files\Microsoft SQL Server\120\DTS\Binn\;C:\Program Files (x86)\Windows Kits\8.1\Windows Performance Toolkit\;C:\Program Files\PuTTY\;C:\Program Files (x86)\NVIDIA Corporation\PhysX\Common;C:\Program Files\Microsoft SQL Server\130\Tools\Binn\;C:\Program Files\dotnet\;C:\WINDOWS\system32;C:\WINDOWS;C:\WINDOWS\System32\Wbem;C:\WINDOWS\System32\WindowsPowerShell\v1.0\;C:\WINDOWS\System32\OpenSSH\;C:\Program Files\nodejs\;C:\Program Files (x86)\GitExtensions\;C:\Program Files\Git\cmd;C:\Users\user\AppData\Local\Microsoft\WindowsApps;C:\Users\user\AppData\Local\GitHubDesktop\bin;C:\Users\user\AppData\Local\Microsoft\WindowsApps;C:\Users\user\AppData\Roaming\npm;C:\Users\user\.dotnet\tools
USERNAME=user
OS=Windows_NT
PROCESSOR_IDENTIFIER=Intel64 Family 6 Model 60 Stepping 3, GenuineIntel



---------------  S Y S T E M  ---------------

OS: Windows 10.0 , 64 bit Build 17134 (10.0.17134.1)

CPU:total 8 (initial active 8) (4 cores per cpu, 2 threads per core) family 6 model 60 stepping 3, cmov, cx8, fxsr, mmx, sse, sse2, sse3, ssse3, sse4.1, sse4.2, popcnt, avx, avx2, aes, clmul, erms, lzcnt, ht, tsc, tscinvbit, bmi1, bmi2

Memory: 4k page, physical 16687384k(6575708k free), swap 34555748k(15354564k free)

vm_info: Java HotSpot(TM) 64-Bit Server VM (25.181-b13) for windows-amd64 JRE (1.8.0_181-b13), built on Jul  7 2018 04:01:33 by "java_re" with MS VC++ 10.0 (VS2010)

time: Tue Dec 11 22:43:30 2018
elapsed time: 198 seconds (0d 0h 3m 18s)

